<?xml version="1.0" encoding="UTF-8"?>
<testsuites name="jest tests" tests="3" failures="0" errors="0" time="2.829">
  <testsuite name="AppComponent" errors="0" failures="0" skipped="0" timestamp="2022-06-29T17:32:34" time="2" tests="3">
    <testcase classname="AppComponent should create" name="AppComponent should create" time="0.04">
    </testcase>
    <testcase classname="AppComponent getRouteAnimationState should call the method if route data includes and animationState value" name="AppComponent getRouteAnimationState should call the method if route data includes and animationState value" time="0.028">
    </testcase>
    <testcase classname="AppComponent should version equals to environment appVersion" name="AppComponent should version equals to environment appVersion" time="0.013">
    </testcase>
  </testsuite>
</testsuites>