<?xml version="1.0" encoding="UTF-8"?>
<testsuites name="jest tests" tests="3" failures="0" errors="0" time="3.387">
  <testsuite name="LoginComponent" errors="0" failures="0" skipped="0" timestamp="2022-06-28T21:14:01" time="2.592" tests="3">
    <testcase classname="LoginComponent should create" name="LoginComponent should create" time="0.031">
    </testcase>
    <testcase classname="LoginComponent navigate should call the method after clicking the button" name="LoginComponent navigate should call the method after clicking the button" time="0.021">
    </testcase>
    <testcase classname="LoginComponent navigate should call navigateByUrl in router with `home` after method has been triggered" name="LoginComponent navigate should call navigateByUrl in router with `home` after method has been triggered" time="0.02">
    </testcase>
  </testsuite>
</testsuites>