<?xml version="1.0" encoding="UTF-8"?>
<testsuites name="jest tests" tests="2" failures="0" errors="0" time="3.733">
  <testsuite name="ReversePipe" errors="0" failures="0" skipped="1" timestamp="2022-06-28T09:50:48" time="2.9" tests="2">
    <testcase classname="ReversePipe should create an instance" name="ReversePipe should create an instance" time="0">
      <skipped/>
    </testcase>
    <testcase classname="ReversePipe transform should return the reverse of the given array" name="ReversePipe transform should return the reverse of the given array" time="0.011">
    </testcase>
  </testsuite>
</testsuites>