<?xml version="1.0" encoding="UTF-8"?>
<testsuites name="jest tests" tests="2" failures="0" errors="0" time="3.602">
  <testsuite name="PostsService" errors="0" failures="0" skipped="0" timestamp="2022-06-28T17:29:54" time="2.82" tests="2">
    <testcase classname="PostsService should create" name="PostsService should create" time="0.015">
    </testcase>
    <testcase classname="PostsService getAllData should return the expected post values on a subscription" name="PostsService getAllData should return the expected post values on a subscription" time="0.005">
    </testcase>
  </testsuite>
</testsuites>